  main.cpp
C:\Users\c0024547\graphics-algorithm-master\graphics-algorithm-master\physically-rendering\include\learnopengl\mesh.h(88,1): warning C4267: 'argument': conversion from 'size_t' to 'GLsizei', possible loss of data
C:\Users\c0024547\graphics-algorithm-master\graphics-algorithm-master\physically-rendering\src\physically-rendering\main.cpp(379,31): warning C4244: 'initializing': conversion from 'double' to 'unsigned int', possible loss of data
C:\Users\c0024547\graphics-algorithm-master\graphics-algorithm-master\physically-rendering\src\physically-rendering\main.cpp(380,32): warning C4244: 'initializing': conversion from 'double' to 'unsigned int', possible loss of data
C:\Users\c0024547\graphics-algorithm-master\graphics-algorithm-master\physically-rendering\src\physically-rendering\main.cpp(436,35): warning C4305: 'initializing': truncation from 'double' to 'float'
C:\Users\c0024547\graphics-algorithm-master\graphics-algorithm-master\physically-rendering\src\physically-rendering\main.cpp(444,28): warning C4244: 'initializing': conversion from 'double' to 'float', possible loss of data
C:\Users\c0024547\graphics-algorithm-master\graphics-algorithm-master\physically-rendering\src\physically-rendering\main.cpp(469,22): warning C4244: 'initializing': conversion from 'double' to 'float', possible loss of data
C:\Users\c0024547\graphics-algorithm-master\graphics-algorithm-master\physically-rendering\src\physically-rendering\main.cpp(556,37): warning C4244: 'argument': conversion from 'GLuint64' to 'GLuint', possible loss of data
C:\Users\c0024547\graphics-algorithm-master\graphics-algorithm-master\physically-rendering\src\physically-rendering\main.cpp(622,37): warning C4244: 'argument': conversion from 'GLuint64' to 'GLuint', possible loss of data
C:\Users\c0024547\graphics-algorithm-master\graphics-algorithm-master\physically-rendering\src\physically-rendering\main.cpp(671,23): warning C4244: 'initializing': conversion from 'double' to 'float', possible loss of data
C:\Users\c0024547\graphics-algorithm-master\graphics-algorithm-master\physically-rendering\src\physically-rendering\main.cpp(697,17): warning C4244: '=': conversion from 'double' to 'float', possible loss of data
C:\Users\c0024547\graphics-algorithm-master\graphics-algorithm-master\physically-rendering\src\physically-rendering\main.cpp(698,17): warning C4244: '=': conversion from 'double' to 'float', possible loss of data
C:\Users\c0024547\graphics-algorithm-master\graphics-algorithm-master\physically-rendering\src\physically-rendering\main.cpp(702,19): warning C4244: 'initializing': conversion from 'double' to 'float', possible loss of data
C:\Users\c0024547\graphics-algorithm-master\graphics-algorithm-master\physically-rendering\src\physically-rendering\main.cpp(703,19): warning C4244: 'initializing': conversion from 'double' to 'float', possible loss of data
C:\Users\c0024547\graphics-algorithm-master\graphics-algorithm-master\physically-rendering\src\physically-rendering\main.cpp(705,13): warning C4244: '=': conversion from 'double' to 'float', possible loss of data
C:\Users\c0024547\graphics-algorithm-master\graphics-algorithm-master\physically-rendering\src\physically-rendering\main.cpp(706,13): warning C4244: '=': conversion from 'double' to 'float', possible loss of data
C:\Users\c0024547\graphics-algorithm-master\graphics-algorithm-master\physically-rendering\src\physically-rendering\main.cpp(713,31): warning C4244: 'argument': conversion from 'double' to 'float', possible loss of data
C:\Users\c0024547\graphics-algorithm-master\graphics-algorithm-master\physically-rendering\src\physically-rendering\main.cpp(735,39): warning C4305: 'initializing': truncation from 'double' to 'float'
C:\Users\c0024547\graphics-algorithm-master\graphics-algorithm-master\physically-rendering\src\physically-rendering\main.cpp(773,36): warning C4267: '=': conversion from 'size_t' to 'unsigned int', possible loss of data
C:\Users\c0024547\graphics-algorithm-master\graphics-algorithm-master\physically-rendering\src\physically-rendering\main.cpp(800,57): warning C4244: 'argument': conversion from 'float' to 'GLsizei', possible loss of data
C:\Users\c0024547\graphics-algorithm-master\graphics-algorithm-master\physically-rendering\src\physically-rendering\main.cpp(802,57): warning C4244: 'argument': conversion from 'float' to 'GLsizei', possible loss of data
C:\Users\c0024547\graphics-algorithm-master\graphics-algorithm-master\physically-rendering\src\physically-rendering\main.cpp(804,57): warning C4244: 'argument': conversion from 'float' to 'GLsizei', possible loss of data
C:\Users\c0024547\graphics-algorithm-master\graphics-algorithm-master\physically-rendering\src\physically-rendering\main.cpp(918,27): warning C4244: 'initializing': conversion from 'GLuint64' to 'unsigned int', possible loss of data
LINK : warning LNK4098: defaultlib 'MSVCRT' conflicts with use of other libs; use /NODEFAULTLIB:library
  physically-rendering.vcxproj -> C:\Users\c0024547\graphics-algorithm-master\graphics-algorithm-master\physically-rendering\bin\x64\Debug\physically-rendering.exe
